TN:
SF:/home/emoon/code/projects/flowi/core/external/stb/stb_rect_pack.h
FN:229,stbrp_setup_heuristic
FN:241,stbrp_setup_allow_out_of_mem
FN:261,stbrp_init_target
FN:287,stbrp__skyline_find_min_y
FN:343,stbrp__skyline_find_best_pos
FN:445,stbrp__skyline_pack_rectangle
FN:524,rect_height_compare
FN:535,rect_original_order
FN:542,stbrp_pack_rects
FNDA:96,stbrp__skyline_pack_rectangle
FNDA:503,rect_original_order
FNDA:1,stbrp_setup_allow_out_of_mem
FNDA:490,rect_height_compare
FNDA:96,stbrp__skyline_find_best_pos
FNDA:1,stbrp_pack_rects
FNDA:0,stbrp_setup_heuristic
FNDA:1327,stbrp__skyline_find_min_y
FNDA:1,stbrp_init_target
FNF:9
FNH:8
DA:229,0
DA:231,0
DA:232,0
DA:233,0
DA:234,0
DA:235,0
DA:236,0
DA:237,0
DA:239,0
DA:241,1
DA:243,1
DA:248,0
DA:257,1
DA:259,1
DA:261,1
DA:265,96
DA:266,95
DA:267,1
DA:268,1
DA:269,1
DA:270,1
DA:271,1
DA:272,1
DA:273,1
DA:274,1
DA:275,1
DA:278,1
DA:279,1
DA:280,1
DA:281,1
DA:282,1
DA:283,1
DA:284,1
DA:287,1327
DA:289,1327
DA:290,1327
DA:295,1327
DA:302,1327
DA:305,1327
DA:307,1327
DA:308,1327
DA:309,1327
DA:310,3492
DA:311,2165
DA:315,1582
DA:316,1582
DA:318,1582
DA:319,0
DA:321,1582
DA:324,583
DA:325,583
DA:326,383
DA:327,583
DA:328,583
DA:330,2165
DA:333,1327
DA:334,1327
DA:343,96
DA:345,96
DA:347,96
DA:350,96
DA:351,96
DA:352,96
DA:355,96
DA:356,0
DA:357,0
DA:358,0
DA:361,96
DA:362,96
DA:363,1423
DA:365,1327
DA:366,1327
DA:368,1327
DA:369,324
DA:370,324
DA:374,0
DA:376,0
DA:377,0
DA:378,0
DA:379,0
DA:383,1327
DA:384,1327
DA:387,96
DA:406,96
DA:407,0
DA:408,0
DA:409,0
DA:411,0
DA:412,0
DA:413,0
DA:414,0
DA:416,0
DA:418,0
DA:419,0
DA:420,0
DA:422,0
DA:423,0
DA:424,0
DA:425,0
DA:426,0
DA:427,0
DA:428,0
DA:429,0
DA:430,0
DA:431,0
DA:435,0
DA:439,96
DA:440,96
DA:441,96
DA:442,96
DA:445,96
DA:448,96
DA:455,96
DA:456,0
DA:457,0
DA:461,96
DA:462,96
DA:463,96
DA:465,96
DA:471,96
DA:472,96
DA:474,0
DA:475,0
DA:476,0
DA:478,96
DA:483,168
DA:484,72
DA:486,72
DA:487,72
DA:488,72
DA:492,96
DA:494,96
DA:495,87
DA:521,96
DA:524,490
DA:526,490
DA:527,490
DA:528,490
DA:529,100
DA:530,390
DA:531,117
DA:532,273
DA:535,503
DA:537,503
DA:538,503
DA:539,503
DA:542,1
DA:544,1
DA:547,97
DA:548,96
DA:552,1
DA:554,97
DA:555,96
DA:556,0
DA:558,96
DA:559,96
DA:560,96
DA:561,96
DA:563,0
DA:569,1
DA:572,97
DA:573,96
DA:574,96
DA:575,0
DA:579,1
LF:165
LH:116
end_of_record
TN:
SF:/home/emoon/code/projects/flowi/core/src/area.c
FN:21,generate_corner_values
FN:51,generate_recursive
FN:71,Area_generate_corner_triangle_list
FN:86,Area_generate
FN:149,Area_generate_circle
FNDA:1,Area_generate
FNDA:0,generate_recursive
FNDA:0,generate_corner_values
FNDA:0,Area_generate_circle
FNDA:0,Area_generate_corner_triangle_list
FNF:5
FNH:1
DA:21,0
DA:24,0
DA:25,0
DA:26,0
DA:28,0
DA:29,0
DA:32,0
DA:34,0
DA:35,0
DA:38,0
DA:39,0
DA:40,0
DA:41,0
DA:44,0
DA:51,0
DA:52,0
DA:54,0
DA:55,0
DA:58,0
DA:59,0
DA:60,0
DA:61,0
DA:63,0
DA:65,0
DA:66,0
DA:71,0
DA:72,0
DA:73,0
DA:74,0
DA:86,1
DA:88,1
DA:91,1
DA:93,0
DA:97,1
DA:98,1
DA:100,1
DA:101,1
DA:102,1
DA:103,1
DA:105,1
DA:108,1
DA:109,1
DA:113,1
DA:114,1
DA:115,1
DA:117,1
DA:118,1
DA:119,1
DA:121,1
DA:122,1
DA:123,1
DA:125,1
DA:126,1
DA:127,1
DA:131,1
DA:132,1
DA:133,1
DA:135,1
DA:136,1
DA:137,1
DA:141,1
DA:142,1
DA:144,1
DA:149,0
DA:150,0
DA:152,0
DA:154,0
DA:156,0
DA:158,0
DA:159,0
DA:162,0
DA:163,0
DA:164,0
DA:165,0
DA:168,0
DA:171,0
DA:172,0
DA:175,0
LF:78
LH:33
end_of_record
TN:
SF:/home/emoon/code/projects/flowi/core/src/flowi.c
FN:56,fl_context_create
FN:85,fl_create
FN:121,str_hash
FN:136,add_or_update_control
FN:165,fl_begin_c
FN:174,fl_button_c
FN:182,fl_button_size_c
FN:189,fl_button_ex_c
FN:215,fl_set_mouse_pos_state
FN:225,fl_frame_begin
FN:232,draw_text
FN:262,fl_frame_end
FN:296,fl_get_render_data
FN:318,fl_text
FN:324,fl_text_len
FNDA:0,fl_text
FNDA:0,fl_begin_c
FNDA:0,fl_frame_begin
FNDA:0,fl_button_ex_c
FNDA:0,str_hash
FNDA:0,fl_button_c
FNDA:0,fl_set_mouse_pos_state
FNDA:0,fl_get_render_data
FNDA:0,draw_text
FNDA:0,fl_text_len
FNDA:0,fl_frame_end
FNDA:2,fl_context_create
FNDA:0,fl_button_size_c
FNDA:0,add_or_update_control
FNDA:1,fl_create
FNF:15
FNH:2
DA:56,2
DA:57,2
DA:58,2
DA:61,2
DA:62,2
DA:63,2
DA:66,2
DA:67,2
DA:68,2
DA:69,2
DA:72,2
DA:73,2
DA:79,2
DA:85,1
DA:87,1
DA:89,1
DA:92,1
DA:93,1
DA:95,1
DA:96,1
DA:97,1
DA:98,1
DA:99,1
DA:100,1
DA:102,1
DA:103,1
DA:104,1
DA:105,1
DA:107,1
DA:109,1
DA:121,0
DA:122,0
DA:124,0
DA:126,0
DA:127,0
DA:128,0
DA:131,0
DA:136,0
DA:140,0
DA:141,0
DA:143,0
DA:144,0
DA:146,0
DA:148,0
DA:149,0
DA:150,0
DA:154,0
DA:155,0
DA:157,0
DA:165,0
DA:166,0
DA:167,0
DA:169,0
DA:174,0
DA:175,0
DA:176,0
DA:177,0
DA:182,0
DA:183,0
DA:184,0
DA:189,0
DA:190,0
DA:192,0
DA:193,0
DA:195,0
DA:196,0
DA:197,0
DA:200,0
DA:201,0
DA:209,0
DA:215,0
DA:217,0
DA:218,0
DA:219,0
DA:220,0
DA:221,0
DA:225,0
DA:226,0
DA:227,0
DA:228,0
DA:232,0
DA:233,0
DA:235,0
DA:237,0
DA:240,0
DA:241,0
DA:243,0
DA:244,0
DA:246,0
DA:248,0
DA:250,0
DA:253,0
DA:254,0
DA:255,0
DA:257,0
DA:262,0
DA:263,0
DA:265,0
DA:266,0
DA:270,0
DA:271,0
DA:273,0
DA:274,0
DA:275,0
DA:276,0
DA:279,0
DA:280,0
DA:283,0
DA:285,0
DA:290,0
DA:296,0
DA:297,0
DA:299,0
DA:300,0
DA:302,0
DA:303,0
DA:304,0
DA:310,0
DA:311,0
DA:313,0
DA:318,0
DA:319,0
DA:320,0
DA:324,0
DA:325,0
DA:334,0
DA:335,0
DA:336,0
DA:337,0
DA:338,0
LF:130
LH:30
end_of_record
TN:
SF:/home/emoon/code/projects/flowi/core/src/flowi_font.c
FN:22,fl_font_from_file
FN:100,fl_font_from_memory
FN:376,Font_init
FNDA:1,fl_font_from_memory
FNDA:1,Font_init
FNDA:2,fl_font_from_file
FNF:3
FNH:3
DA:22,2
DA:30,2
DA:31,2
DA:33,2
DA:34,1
DA:37,1
DA:100,1
DA:111,1
DA:117,1
DA:118,1
DA:119,0
DA:120,0
DA:123,1
DA:124,1
DA:125,0
DA:126,0
DA:129,1
DA:130,1
DA:131,0
DA:132,0
DA:136,1
DA:137,0
DA:138,0
DA:149,1
DA:150,1
DA:153,1
DA:154,1
DA:155,1
DA:158,1
DA:159,1
DA:161,1
DA:162,1
DA:163,1
DA:166,1
DA:167,1
DA:168,1
DA:170,97
DA:171,96
DA:172,96
DA:173,0
DA:175,0
DA:176,0
DA:179,96
DA:181,96
DA:182,96
DA:185,96
DA:186,96
DA:190,96
DA:191,96
DA:192,96
DA:193,96
DA:194,96
DA:195,96
DA:196,96
DA:198,96
DA:199,96
DA:200,96
DA:201,96
DA:203,96
DA:205,96
DA:207,96
DA:208,96
DA:210,96
DA:211,96
DA:213,0
DA:214,0
DA:218,96
DA:221,0
DA:225,0
DA:226,0
DA:228,0
DA:229,0
DA:231,0
DA:232,0
DA:236,0
DA:239,0
DA:241,0
DA:242,0
DA:243,0
DA:248,96
DA:249,96
DA:251,96
DA:252,96
DA:253,96
DA:255,96
DA:259,1
DA:260,1
DA:261,1
DA:266,1
DA:270,1
DA:271,1
DA:273,1
DA:278,97
DA:279,96
DA:280,96
DA:281,96
DA:287,1
DA:290,1
DA:291,1
DA:292,1
DA:293,1
DA:297,1
DA:300,97
DA:301,96
DA:302,96
DA:304,96
DA:305,0
DA:308,96
DA:309,96
DA:310,96
DA:311,96
DA:314,96
DA:316,2298
DA:317,2202
DA:320,96
DA:321,96
DA:323,96
DA:324,96
DA:325,96
DA:326,96
DA:329,96
DA:330,96
DA:331,96
DA:332,96
DA:335,96
DA:336,96
DA:337,96
DA:338,96
DA:340,96
DA:341,96
DA:345,1
DA:355,1
DA:356,1
DA:357,1
DA:360,1
DA:362,1
DA:364,1
DA:365,0
DA:366,0
DA:369,1
DA:371,1
DA:376,1
DA:378,1
DA:382,1
LF:144
LH:116
end_of_record
TN:
SF:/home/emoon/code/projects/flowi/core/src/io.c
FN:15,Io_load_file_to_memory
FN:68,Errors_add
FNDA:131,Errors_add
FNDA:4,Io_load_file_to_memory
FNF:2
FNH:2
DA:15,4
DA:17,4
DA:18,4
DA:19,4
DA:21,4
DA:22,2
DA:23,2
DA:26,2
DA:27,0
DA:28,0
DA:31,2
DA:33,2
DA:34,0
DA:35,0
DA:38,2
DA:39,0
DA:40,0
DA:44,2
DA:46,2
DA:47,0
DA:48,0
DA:51,2
DA:52,0
DA:53,0
DA:56,2
DA:58,4
DA:59,4
DA:60,2
DA:63,4
DA:68,131
DA:69,131
LF:31
LH:21
end_of_record
TN:
SF:/home/emoon/code/projects/flowi/core/src/linear_allocator.c
FN:6,LinearAllocator_init
FN:15,LinearAllocator_rewind
FN:21,LinearAllocator_internal_alloc
FN:40,LinearAllocator_internal_alloc_zero
FNDA:1,LinearAllocator_rewind
FNDA:110,LinearAllocator_internal_alloc
FNDA:2,LinearAllocator_internal_alloc_zero
FNDA:7,LinearAllocator_init
FNF:4
FNH:4
DA:6,7
DA:7,7
DA:8,7
DA:9,7
DA:10,7
DA:11,7
DA:15,1
DA:16,1
DA:17,1
DA:21,110
DA:22,110
DA:25,110
DA:27,110
DA:29,110
DA:30,1
DA:31,1
DA:34,109
DA:35,109
DA:40,2
DA:41,2
DA:43,2
DA:44,2
DA:47,2
LF:23
LH:23
end_of_record
TN:
SF:/home/emoon/code/projects/flowi/core/src/primitives.c
FN:6,alloc_internal
FN:28,Primitive_alloc_cmd
FNDA:0,Primitive_alloc_cmd
FNDA:0,alloc_internal
FNF:2
FNH:0
DA:6,0
DA:7,0
DA:9,0
DA:10,0
DA:11,0
DA:20,0
DA:21,0
DA:23,0
DA:28,0
DA:29,0
LF:10
LH:0
end_of_record
TN:
SF:/home/emoon/code/projects/flowi/core/src/render.c
FN:13,alloc_internal
FN:38,Render_alloc_command_internal
FN:44,Render_create_render_cmd_mem_2
FN:59,Render_create_texture_static
FN:80,Render_process_commands
FNDA:0,Render_alloc_command_internal
FNDA:0,Render_process_commands
FNDA:1,Render_create_texture_static
FNDA:1,alloc_internal
FNDA:0,Render_create_render_cmd_mem_2
FNF:5
FNH:2
DA:13,1
DA:15,1
DA:19,1
DA:20,1
DA:21,1
DA:31,1
DA:33,1
DA:38,0
DA:39,0
DA:44,0
DA:45,0
DA:52,0
DA:53,0
DA:54,0
DA:59,1
DA:60,1
DA:71,1
DA:72,1
DA:74,1
DA:80,0
DA:83,0
LF:21
LH:12
end_of_record
TN:
SF:/home/emoon/code/projects/flowi/core/src/simd_sse.inl
FN:3,simd_set_f32
FNDA:0,simd_set_f32
FNF:1
FNH:0
DA:3,0
DA:4,0
LF:2
LH:0
end_of_record
TN:
SF:/home/emoon/code/projects/flowi/core/src/style.c
FN:38,fl_style_create_name_len
FN:55,fl_style_get_default
FN:63,fl_style_push
FN:83,fl_style_pop
FN:90,build_diff_bits
FN:101,fl_style_end_changes
FN:118,apply_style_diff
FN:130,fl_style_get_current
FNDA:259,fl_style_push
FNDA:5,fl_style_create_name_len
FNDA:1,build_diff_bits
FNDA:1,apply_style_diff
FNDA:1,fl_style_end_changes
FNDA:5,fl_style_get_default
FNDA:131,fl_style_pop
FNDA:3,fl_style_get_current
FNF:8
FNH:8
DA:38,5
DA:40,5
DA:41,5
DA:42,5
DA:43,5
DA:44,5
DA:47,5
DA:49,5
DA:55,5
DA:57,5
DA:63,259
DA:64,259
DA:67,259
DA:68,1
DA:71,258
DA:72,128
DA:73,128
DA:76,130
DA:77,130
DA:83,131
DA:84,131
DA:85,131
DA:86,131
DA:90,1
DA:91,97
DA:92,96
DA:93,96
DA:94,96
DA:96,1
DA:101,1
DA:102,1
DA:103,1
DA:104,1
DA:107,1
DA:108,0
DA:111,1
DA:112,1
DA:118,1
DA:119,97
DA:120,96
DA:121,96
DA:122,96
DA:123,96
DA:125,1
DA:130,3
DA:131,3
DA:134,3
DA:136,4
DA:137,1
DA:138,1
DA:141,3
DA:142,3
LF:52
LH:51
end_of_record
TN:
SF:/home/emoon/code/projects/flowi/core/src/text.c
FN:16,Text_utf8_to_codepoints_u16
FN:33,utf8_to_codepoints_u32
FN:43,Text_generate_vertex_buffer_ref
FN:94,Text_calculate_size
FNDA:0,Text_utf8_to_codepoints_u16
FNDA:1,Text_calculate_size
FNDA:0,Text_generate_vertex_buffer_ref
FNDA:0,utf8_to_codepoints_u32
FNF:4
FNH:1
DA:16,0
DA:17,0
DA:18,0
DA:20,0
DA:21,0
DA:24,0
DA:27,0
DA:33,0
DA:34,0
DA:35,0
DA:38,0
DA:43,0
DA:46,0
DA:47,0
DA:48,0
DA:50,0
DA:51,0
DA:52,0
DA:53,0
DA:54,0
DA:56,0
DA:57,0
DA:58,0
DA:59,0
DA:60,0
DA:62,0
DA:63,0
DA:64,0
DA:65,0
DA:66,0
DA:68,0
DA:69,0
DA:70,0
DA:71,0
DA:72,0
DA:74,0
DA:75,0
DA:76,0
DA:78,0
DA:79,0
DA:80,0
DA:82,0
DA:84,0
DA:85,0
DA:86,0
DA:88,0
DA:94,1
DA:96,1
DA:101,3
DA:102,2
DA:103,2
DA:104,2
DA:105,2
DA:108,1
LF:54
LH:8
end_of_record
TN:
SF:/home/emoon/code/projects/flowi/core/src/utils.h
FN:7,round_to_next_pow_two
FNDA:2,round_to_next_pow_two
FNF:1
FNH:1
DA:7,2
DA:8,2
DA:9,2
DA:10,2
DA:11,2
DA:12,2
DA:13,2
DA:14,2
DA:15,2
LF:9
LH:9
end_of_record
